This is pdfTeX, Version 3.14159265-2.6-1.40.17 (TeX Live 2016) (preloaded format=pdflatex 2016.11.3)  1 MAR 2021 16:48
entering extended mode
 restricted \write18 enabled.
 file:line:error style messages enabled.
 %&-line parsing enabled.
**/Users/SilvinW/repositories/DynamicBoundaries/main.tex
(/Users/SilvinW/repositories/DynamicBoundaries/main.tex
LaTeX2e <2016/03/31>
Babel <3.9r> and hyphenation patterns for 83 language(s) loaded.
(/usr/local/texlive/2016/texmf-dist/tex/latex/base/article.cls
Document Class: article 2014/09/29 v1.4h Standard LaTeX document class
(/usr/local/texlive/2016/texmf-dist/tex/latex/base/size10.clo
File: size10.clo 2014/09/29 v1.4h Standard LaTeX file (size option)
)
\c@part=\count79
\c@section=\count80
\c@subsection=\count81
\c@subsubsection=\count82
\c@paragraph=\count83
\c@subparagraph=\count84
\c@figure=\count85
\c@table=\count86
\abovecaptionskip=\skip41
\belowcaptionskip=\skip42
\bibindent=\dimen102
) (/usr/local/texlive/2016/texmf-dist/tex/latex/base/inputenc.sty
Package: inputenc 2015/03/17 v1.2c Input encoding file
\inpenc@prehook=\toks14
\inpenc@posthook=\toks15
 (/usr/local/texlive/2016/texmf-dist/tex/latex/base/utf8.def
File: utf8.def 2016/02/28 v1.1s UTF-8 support for inputenc
Now handling font encoding OML ...
... no UTF-8 mapping file for font encoding OML
Now handling font encoding T1 ...
... processing UTF-8 mapping file for font encoding T1
 (/usr/local/texlive/2016/texmf-dist/tex/latex/base/t1enc.dfu
File: t1enc.dfu 2016/02/28 v1.1s UTF-8 support for inputenc
   defining Unicode char U+00A0 (decimal 160)
   defining Unicode char U+00A1 (decimal 161)
   defining Unicode char U+00A3 (decimal 163)
   defining Unicode char U+00AB (decimal 171)
   defining Unicode char U+00AD (decimal 173)
   defining Unicode char U+00BB (decimal 187)
   defining Unicode char U+00BF (decimal 191)
   defining Unicode char U+00C0 (decimal 192)
   defining Unicode char U+00C1 (decimal 193)
   defining Unicode char U+00C2 (decimal 194)
   defining Unicode char U+00C3 (decimal 195)
   defining Unicode char U+00C4 (decimal 196)
   defining Unicode char U+00C5 (decimal 197)
   defining Unicode char U+00C6 (decimal 198)
   defining Unicode char U+00C7 (decimal 199)
   defining Unicode char U+00C8 (decimal 200)
   defining Unicode char U+00C9 (decimal 201)
   defining Unicode char U+00CA (decimal 202)
   defining Unicode char U+00CB (decimal 203)
   defining Unicode char U+00CC (decimal 204)
   defining Unicode char U+00CD (decimal 205)
   defining Unicode char U+00CE (decimal 206)
   defining Unicode char U+00CF (decimal 207)
   defining Unicode char U+00D0 (decimal 208)
   defining Unicode char U+00D1 (decimal 209)
   defining Unicode char U+00D2 (decimal 210)
   defining Unicode char U+00D3 (decimal 211)
   defining Unicode char U+00D4 (decimal 212)
   defining Unicode char U+00D5 (decimal 213)
   defining Unicode char U+00D6 (decimal 214)
   defining Unicode char U+00D8 (decimal 216)
   defining Unicode char U+00D9 (decimal 217)
   defining Unicode char U+00DA (decimal 218)
   defining Unicode char U+00DB (decimal 219)
   defining Unicode char U+00DC (decimal 220)
   defining Unicode char U+00DD (decimal 221)
   defining Unicode char U+00DE (decimal 222)
   defining Unicode char U+00DF (decimal 223)
   defining Unicode char U+00E0 (decimal 224)
   defining Unicode char U+00E1 (decimal 225)
   defining Unicode char U+00E2 (decimal 226)
   defining Unicode char U+00E3 (decimal 227)
   defining Unicode char U+00E4 (decimal 228)
   defining Unicode char U+00E5 (decimal 229)
   defining Unicode char U+00E6 (decimal 230)
   defining Unicode char U+00E7 (decimal 231)
   defining Unicode char U+00E8 (decimal 232)
   defining Unicode char U+00E9 (decimal 233)
   defining Unicode char U+00EA (decimal 234)
   defining Unicode char U+00EB (decimal 235)
   defining Unicode char U+00EC (decimal 236)
   defining Unicode char U+00ED (decimal 237)
   defining Unicode char U+00EE (decimal 238)
   defining Unicode char U+00EF (decimal 239)
   defining Unicode char U+00F0 (decimal 240)
   defining Unicode char U+00F1 (decimal 241)
   defining Unicode char U+00F2 (decimal 242)
   defining Unicode char U+00F3 (decimal 243)
   defining Unicode char U+00F4 (decimal 244)
   defining Unicode char U+00F5 (decimal 245)
   defining Unicode char U+00F6 (decimal 246)
   defining Unicode char U+00F8 (decimal 248)
   defining Unicode char U+00F9 (decimal 249)
   defining Unicode char U+00FA (decimal 250)
   defining Unicode char U+00FB (decimal 251)
   defining Unicode char U+00FC (decimal 252)
   defining Unicode char U+00FD (decimal 253)
   defining Unicode char U+00FE (decimal 254)
   defining Unicode char U+00FF (decimal 255)
   defining Unicode char U+0100 (decimal 256)
   defining Unicode char U+0101 (decimal 257)
   defining Unicode char U+0102 (decimal 258)
   defining Unicode char U+0103 (decimal 259)
   defining Unicode char U+0104 (decimal 260)
   defining Unicode char U+0105 (decimal 261)
   defining Unicode char U+0106 (decimal 262)
   defining Unicode char U+0107 (decimal 263)
   defining Unicode char U+0108 (decimal 264)
   defining Unicode char U+0109 (decimal 265)
   defining Unicode char U+010A (decimal 266)
   defining Unicode char U+010B (decimal 267)
   defining Unicode char U+010C (decimal 268)
   defining Unicode char U+010D (decimal 269)
   defining Unicode char U+010E (decimal 270)
   defining Unicode char U+010F (decimal 271)
   defining Unicode char U+0110 (decimal 272)
   defining Unicode char U+0111 (decimal 273)
   defining Unicode char U+0112 (decimal 274)
   defining Unicode char U+0113 (decimal 275)
   defining Unicode char U+0114 (decimal 276)
   defining Unicode char U+0115 (decimal 277)
   defining Unicode char U+0116 (decimal 278)
   defining Unicode char U+0117 (decimal 279)
   defining Unicode char U+0118 (decimal 280)
   defining Unicode char U+0119 (decimal 281)
   defining Unicode char U+011A (decimal 282)
   defining Unicode char U+011B (decimal 283)
   defining Unicode char U+011C (decimal 284)
   defining Unicode char U+011D (decimal 285)
   defining Unicode char U+011E (decimal 286)
   defining Unicode char U+011F (decimal 287)
   defining Unicode char U+0120 (decimal 288)
   defining Unicode char U+0121 (decimal 289)
   defining Unicode char U+0122 (decimal 290)
   defining Unicode char U+0123 (decimal 291)
   defining Unicode char U+0124 (decimal 292)
   defining Unicode char U+0125 (decimal 293)
   defining Unicode char U+0128 (decimal 296)
   defining Unicode char U+0129 (decimal 297)
   defining Unicode char U+012A (decimal 298)
   defining Unicode char U+012B (decimal 299)
   defining Unicode char U+012C (decimal 300)
   defining Unicode char U+012D (decimal 301)
   defining Unicode char U+012E (decimal 302)
   defining Unicode char U+012F (decimal 303)
   defining Unicode char U+0130 (decimal 304)
   defining Unicode char U+0131 (decimal 305)
   defining Unicode char U+0132 (decimal 306)
   defining Unicode char U+0133 (decimal 307)
   defining Unicode char U+0134 (decimal 308)
   defining Unicode char U+0135 (decimal 309)
   defining Unicode char U+0136 (decimal 310)
   defining Unicode char U+0137 (decimal 311)
   defining Unicode char U+0139 (decimal 313)
   defining Unicode char U+013A (decimal 314)
   defining Unicode char U+013B (decimal 315)
   defining Unicode char U+013C (decimal 316)
   defining Unicode char U+013D (decimal 317)
   defining Unicode char U+013E (decimal 318)
   defining Unicode char U+0141 (decimal 321)
   defining Unicode char U+0142 (decimal 322)
   defining Unicode char U+0143 (decimal 323)
   defining Unicode char U+0144 (decimal 324)
   defining Unicode char U+0145 (decimal 325)
   defining Unicode char U+0146 (decimal 326)
   defining Unicode char U+0147 (decimal 327)
   defining Unicode char U+0148 (decimal 328)
   defining Unicode char U+014A (decimal 330)
   defining Unicode char U+014B (decimal 331)
   defining Unicode char U+014C (decimal 332)
   defining Unicode char U+014D (decimal 333)
   defining Unicode char U+014E (decimal 334)
   defining Unicode char U+014F (decimal 335)
   defining Unicode char U+0150 (decimal 336)
   defining Unicode char U+0151 (decimal 337)
   defining Unicode char U+0152 (decimal 338)
   defining Unicode char U+0153 (decimal 339)
   defining Unicode char U+0154 (decimal 340)
   defining Unicode char U+0155 (decimal 341)
   defining Unicode char U+0156 (decimal 342)
   defining Unicode char U+0157 (decimal 343)
   defining Unicode char U+0158 (decimal 344)
   defining Unicode char U+0159 (decimal 345)
   defining Unicode char U+015A (decimal 346)
   defining Unicode char U+015B (decimal 347)
   defining Unicode char U+015C (decimal 348)
   defining Unicode char U+015D (decimal 349)
   defining Unicode char U+015E (decimal 350)
   defining Unicode char U+015F (decimal 351)
   defining Unicode char U+0160 (decimal 352)
   defining Unicode char U+0161 (decimal 353)
   defining Unicode char U+0162 (decimal 354)
   defining Unicode char U+0163 (decimal 355)
   defining Unicode char U+0164 (decimal 356)
   defining Unicode char U+0165 (decimal 357)
   defining Unicode char U+0168 (decimal 360)
   defining Unicode char U+0169 (decimal 361)
   defining Unicode char U+016A (decimal 362)
   defining Unicode char U+016B (decimal 363)
   defining Unicode char U+016C (decimal 364)
   defining Unicode char U+016D (decimal 365)
   defining Unicode char U+016E (decimal 366)
   defining Unicode char U+016F (decimal 367)
   defining Unicode char U+0170 (decimal 368)
   defining Unicode char U+0171 (decimal 369)
   defining Unicode char U+0172 (decimal 370)
   defining Unicode char U+0173 (decimal 371)
   defining Unicode char U+0174 (decimal 372)
   defining Unicode char U+0175 (decimal 373)
   defining Unicode char U+0176 (decimal 374)
   defining Unicode char U+0177 (decimal 375)
   defining Unicode char U+0178 (decimal 376)
   defining Unicode char U+0179 (decimal 377)
   defining Unicode char U+017A (decimal 378)
   defining Unicode char U+017B (decimal 379)
   defining Unicode char U+017C (decimal 380)
   defining Unicode char U+017D (decimal 381)
   defining Unicode char U+017E (decimal 382)
   defining Unicode char U+01CD (decimal 461)
   defining Unicode char U+01CE (decimal 462)
   defining Unicode char U+01CF (decimal 463)
   defining Unicode char U+01D0 (decimal 464)
   defining Unicode char U+01D1 (decimal 465)
   defining Unicode char U+01D2 (decimal 466)
   defining Unicode char U+01D3 (decimal 467)
   defining Unicode char U+01D4 (decimal 468)
   defining Unicode char U+01E2 (decimal 482)
   defining Unicode char U+01E3 (decimal 483)
   defining Unicode char U+01E6 (decimal 486)
   defining Unicode char U+01E7 (decimal 487)
   defining Unicode char U+01E8 (decimal 488)
   defining Unicode char U+01E9 (decimal 489)
   defining Unicode char U+01EA (decimal 490)
   defining Unicode char U+01EB (decimal 491)
   defining Unicode char U+01F0 (decimal 496)
   defining Unicode char U+01F4 (decimal 500)
   defining Unicode char U+01F5 (decimal 501)
   defining Unicode char U+0218 (decimal 536)
   defining Unicode char U+0219 (decimal 537)
   defining Unicode char U+021A (decimal 538)
   defining Unicode char U+021B (decimal 539)
   defining Unicode char U+1E02 (decimal 7682)
   defining Unicode char U+1E03 (decimal 7683)
   defining Unicode char U+200C (decimal 8204)
   defining Unicode char U+2010 (decimal 8208)
   defining Unicode char U+2011 (decimal 8209)
   defining Unicode char U+2012 (decimal 8210)
   defining Unicode char U+2013 (decimal 8211)
   defining Unicode char U+2014 (decimal 8212)
   defining Unicode char U+2015 (decimal 8213)
   defining Unicode char U+2018 (decimal 8216)
   defining Unicode char U+2019 (decimal 8217)
   defining Unicode char U+201A (decimal 8218)
   defining Unicode char U+201C (decimal 8220)
   defining Unicode char U+201D (decimal 8221)
   defining Unicode char U+201E (decimal 8222)
   defining Unicode char U+2030 (decimal 8240)
   defining Unicode char U+2031 (decimal 8241)
   defining Unicode char U+2039 (decimal 8249)
   defining Unicode char U+203A (decimal 8250)
   defining Unicode char U+2423 (decimal 9251)
)
Now handling font encoding OT1 ...
... processing UTF-8 mapping file for font encoding OT1
 (/usr/local/texlive/2016/texmf-dist/tex/latex/base/ot1enc.dfu
File: ot1enc.dfu 2016/02/28 v1.1s UTF-8 support for inputenc
   defining Unicode char U+00A0 (decimal 160)
   defining Unicode char U+00A1 (decimal 161)
   defining Unicode char U+00A3 (decimal 163)
   defining Unicode char U+00AD (decimal 173)
   defining Unicode char U+00B8 (decimal 184)
   defining Unicode char U+00BF (decimal 191)
   defining Unicode char U+00C5 (decimal 197)
   defining Unicode char U+00C6 (decimal 198)
   defining Unicode char U+00D8 (decimal 216)
   defining Unicode char U+00DF (decimal 223)
   defining Unicode char U+00E6 (decimal 230)
   defining Unicode char U+00EC (decimal 236)
   defining Unicode char U+00ED (decimal 237)
   defining Unicode char U+00EE (decimal 238)
   defining Unicode char U+00EF (decimal 239)
   defining Unicode char U+00F8 (decimal 248)
   defining Unicode char U+0131 (decimal 305)
   defining Unicode char U+0141 (decimal 321)
   defining Unicode char U+0142 (decimal 322)
   defining Unicode char U+0152 (decimal 338)
   defining Unicode char U+0153 (decimal 339)
   defining Unicode char U+0174 (decimal 372)
   defining Unicode char U+0175 (decimal 373)
   defining Unicode char U+0176 (decimal 374)
   defining Unicode char U+0177 (decimal 375)
   defining Unicode char U+0218 (decimal 536)
   defining Unicode char U+0219 (decimal 537)
   defining Unicode char U+021A (decimal 538)
   defining Unicode char U+021B (decimal 539)
   defining Unicode char U+2013 (decimal 8211)
   defining Unicode char U+2014 (decimal 8212)
   defining Unicode char U+2018 (decimal 8216)
   defining Unicode char U+2019 (decimal 8217)
   defining Unicode char U+201C (decimal 8220)
   defining Unicode char U+201D (decimal 8221)
)
Now handling font encoding OMS ...
... processing UTF-8 mapping file for font encoding OMS
 (/usr/local/texlive/2016/texmf-dist/tex/latex/base/omsenc.dfu
File: omsenc.dfu 2016/02/28 v1.1s UTF-8 support for inputenc
   defining Unicode char U+00A7 (decimal 167)
   defining Unicode char U+00B6 (decimal 182)
   defining Unicode char U+00B7 (decimal 183)
   defining Unicode char U+2020 (decimal 8224)
   defining Unicode char U+2021 (decimal 8225)
   defining Unicode char U+2022 (decimal 8226)
)
Now handling font encoding OMX ...
... no UTF-8 mapping file for font encoding OMX
Now handling font encoding U ...
... no UTF-8 mapping file for font encoding U
   defining Unicode char U+00A9 (decimal 169)
   defining Unicode char U+00AA (decimal 170)
   defining Unicode char U+00AE (decimal 174)
   defining Unicode char U+00BA (decimal 186)
   defining Unicode char U+02C6 (decimal 710)
   defining Unicode char U+02DC (decimal 732)
   defining Unicode char U+200C (decimal 8204)
   defining Unicode char U+2026 (decimal 8230)
   defining Unicode char U+2122 (decimal 8482)
   defining Unicode char U+2423 (decimal 9251)
)) (/usr/local/texlive/2016/texmf-dist/tex/latex/geometry/geometry.sty
Package: geometry 2010/09/12 v5.6 Page Geometry
 (/usr/local/texlive/2016/texmf-dist/tex/latex/graphics/keyval.sty
Package: keyval 2014/10/28 v1.15 key=value parser (DPC)
\KV@toks@=\toks16
) (/usr/local/texlive/2016/texmf-dist/tex/generic/oberdiek/ifpdf.sty
Package: ifpdf 2016/05/14 v3.1 Provides the ifpdf switch
) (/usr/local/texlive/2016/texmf-dist/tex/generic/oberdiek/ifvtex.sty
Package: ifvtex 2016/05/16 v1.6 Detect VTeX and its facilities (HO)
Package ifvtex Info: VTeX not detected.
) (/usr/local/texlive/2016/texmf-dist/tex/generic/ifxetex/ifxetex.sty
Package: ifxetex 2010/09/12 v0.6 Provides ifxetex conditional
)
\Gm@cnth=\count87
\Gm@cntv=\count88
\c@Gm@tempcnt=\count89
\Gm@bindingoffset=\dimen103
\Gm@wd@mp=\dimen104
\Gm@odd@mp=\dimen105
\Gm@even@mp=\dimen106
\Gm@layoutwidth=\dimen107
\Gm@layoutheight=\dimen108
\Gm@layouthoffset=\dimen109
\Gm@layoutvoffset=\dimen110
\Gm@dimlist=\toks17
) (/usr/local/texlive/2016/texmf-dist/tex/latex/natbib/natbib.sty
Package: natbib 2010/09/13 8.31b (PWD, AO)
\bibhang=\skip43
\bibsep=\skip44
LaTeX Info: Redefining \cite on input line 694.
\c@NAT@ctr=\count90
) (/usr/local/texlive/2016/texmf-dist/tex/latex/graphics/graphicx.sty
Package: graphicx 2014/10/28 v1.0g Enhanced LaTeX Graphics (DPC,SPQR)
 (/usr/local/texlive/2016/texmf-dist/tex/latex/graphics/graphics.sty
Package: graphics 2016/05/09 v1.0r Standard LaTeX Graphics (DPC,SPQR)
 (/usr/local/texlive/2016/texmf-dist/tex/latex/graphics/trig.sty
Package: trig 2016/01/03 v1.10 sin cos tan (DPC)
) (/usr/local/texlive/2016/texmf-dist/tex/latex/graphics-cfg/graphics.cfg
File: graphics.cfg 2016/01/02 v1.10 sample graphics configuration
)
Package graphics Info: Driver file: pdftex.def on input line 96.
 (/usr/local/texlive/2016/texmf-dist/tex/latex/pdftex-def/pdftex.def
File: pdftex.def 2011/05/27 v0.06d Graphics/color for pdfTeX
 (/usr/local/texlive/2016/texmf-dist/tex/generic/oberdiek/infwarerr.sty
Package: infwarerr 2016/05/16 v1.4 Providing info/warning/error messages (HO)
) (/usr/local/texlive/2016/texmf-dist/tex/generic/oberdiek/ltxcmds.sty
Package: ltxcmds 2016/05/16 v1.23 LaTeX kernel commands for general use (HO)
)
\Gread@gobject=\count91
))
\Gin@req@height=\dimen111
\Gin@req@width=\dimen112
) (/usr/local/texlive/2016/texmf-dist/tex/latex/appendix/appendix.sty
Package: appendix 2009/09/02 v1.2b extra appendix facilities
\c@@pps=\count92
\c@@ppsavesec=\count93
\c@@ppsaveapp=\count94
) (/usr/local/texlive/2016/texmf-dist/tex/latex/amsmath/amsmath.sty
Package: amsmath 2016/03/10 v2.15b AMS math features
\@mathmargin=\skip45

For additional information on amsmath, use the `?' option.
(/usr/local/texlive/2016/texmf-dist/tex/latex/amsmath/amstext.sty
Package: amstext 2000/06/29 v2.01 AMS text
 (/usr/local/texlive/2016/texmf-dist/tex/latex/amsmath/amsgen.sty
File: amsgen.sty 1999/11/30 v2.0 generic functions
\@emptytoks=\toks18
\ex@=\dimen113
)) (/usr/local/texlive/2016/texmf-dist/tex/latex/amsmath/amsbsy.sty
Package: amsbsy 1999/11/29 v1.2d Bold Symbols
\pmbraise@=\dimen114
) (/usr/local/texlive/2016/texmf-dist/tex/latex/amsmath/amsopn.sty
Package: amsopn 2016/03/08 v2.02 operator names
)
\inf@bad=\count95
LaTeX Info: Redefining \frac on input line 199.
\uproot@=\count96
\leftroot@=\count97
LaTeX Info: Redefining \overline on input line 297.
\classnum@=\count98
\DOTSCASE@=\count99
LaTeX Info: Redefining \ldots on input line 394.
LaTeX Info: Redefining \dots on input line 397.
LaTeX Info: Redefining \cdots on input line 518.
\Mathstrutbox@=\box26
\strutbox@=\box27
\big@size=\dimen115
LaTeX Font Info:    Redeclaring font encoding OML on input line 634.
LaTeX Font Info:    Redeclaring font encoding OMS on input line 635.
\macc@depth=\count100
\c@MaxMatrixCols=\count101
\dotsspace@=\muskip10
\c@parentequation=\count102
\dspbrk@lvl=\count103
\tag@help=\toks19
\row@=\count104
\column@=\count105
\maxfields@=\count106
\andhelp@=\toks20
\eqnshift@=\dimen116
\alignsep@=\dimen117
\tagshift@=\dimen118
\tagwidth@=\dimen119
\totwidth@=\dimen120
\lineht@=\dimen121
\@envbody=\toks21
\multlinegap=\skip46
\multlinetaggap=\skip47
\mathdisplay@stack=\toks22
LaTeX Info: Redefining \[ on input line 2739.
LaTeX Info: Redefining \] on input line 2740.
) (/usr/local/texlive/2016/texmf-dist/tex/latex/amsfonts/amsfonts.sty
Package: amsfonts 2013/01/14 v3.01 Basic AMSFonts support
\symAMSa=\mathgroup4
\symAMSb=\mathgroup5
LaTeX Font Info:    Overwriting math alphabet `\mathfrak' in version `bold'
(Font)                  U/euf/m/n --> U/euf/b/n on input line 106.
) (/usr/local/texlive/2016/texmf-dist/tex/latex/amsfonts/amssymb.sty
Package: amssymb 2013/01/14 v3.01 AMS font symbols
) (/usr/local/texlive/2016/texmf-dist/tex/latex/subfig/subfig.sty
Package: subfig 2005/06/28 ver: 1.3 subfig package
 (/usr/local/texlive/2016/texmf-dist/tex/latex/caption/caption.sty
Package: caption 2016/02/21 v3.3-144 Customizing captions (AR)
 (/usr/local/texlive/2016/texmf-dist/tex/latex/caption/caption3.sty
Package: caption3 2016/02/04 v1.7-139 caption3 kernel (AR)
Package caption3 Info: TeX engine: e-TeX on input line 67.
\captionmargin=\dimen122
\captionmargin@=\dimen123
\captionwidth=\dimen124
\caption@tempdima=\dimen125
\caption@indent=\dimen126
\caption@parindent=\dimen127
\caption@hangindent=\dimen128
)
\c@ContinuedFloat=\count107
)
\c@KVtest=\count108
\sf@farskip=\skip48
\sf@captopadj=\dimen129
\sf@capskip=\skip49
\sf@nearskip=\skip50
\c@subfigure=\count109
\c@subfigure@save=\count110
\c@lofdepth=\count111
\c@subtable=\count112
\c@subtable@save=\count113
\c@lotdepth=\count114
\sf@top=\skip51
\sf@bottom=\skip52
) (/usr/local/texlive/2016/texmf-dist/tex/latex/mathtools/mathtools.sty
Package: mathtools 2015/11/12 v1.18 mathematical typesetting tools
 (/usr/local/texlive/2016/texmf-dist/tex/latex/tools/calc.sty
Package: calc 2014/10/28 v4.3 Infix arithmetic (KKT,FJ)
\calc@Acount=\count115
\calc@Bcount=\count116
\calc@Adimen=\dimen130
\calc@Bdimen=\dimen131
\calc@Askip=\skip53
\calc@Bskip=\skip54
LaTeX Info: Redefining \setlength on input line 80.
LaTeX Info: Redefining \addtolength on input line 81.
\calc@Ccount=\count117
\calc@Cskip=\skip55
) (/usr/local/texlive/2016/texmf-dist/tex/latex/mathtools/mhsetup.sty
Package: mhsetup 2010/01/21 v1.2a programming setup (MH)
)
LaTeX Info: Thecontrolsequence`\('isalreadyrobust on input line 129.
LaTeX Info: Thecontrolsequence`\)'isalreadyrobust on input line 129.
LaTeX Info: Thecontrolsequence`\['isalreadyrobust on input line 129.
LaTeX Info: Thecontrolsequence`\]'isalreadyrobust on input line 129.
\g_MT_multlinerow_int=\count118
\l_MT_multwidth_dim=\dimen132
\origjot=\skip56
\l_MT_shortvdotswithinadjustabove_dim=\dimen133
\l_MT_shortvdotswithinadjustbelow_dim=\dimen134
\l_MT_above_intertext_sep=\dimen135
\l_MT_below_intertext_sep=\dimen136
\l_MT_above_shortintertext_sep=\dimen137
\l_MT_below_shortintertext_sep=\dimen138
) (/usr/local/texlive/2016/texmf-dist/tex/latex/xcolor/xcolor.sty
Package: xcolor 2016/05/11 v2.12 LaTeX color extensions (UK)
 (/usr/local/texlive/2016/texmf-dist/tex/latex/graphics-cfg/color.cfg
File: color.cfg 2016/01/02 v1.6 sample color configuration
)
Package xcolor Info: Driver file: pdftex.def on input line 225.
Package xcolor Info: Model `cmy' substituted by `cmy0' on input line 1348.
Package xcolor Info: Model `hsb' substituted by `rgb' on input line 1352.
Package xcolor Info: Model `RGB' extended on input line 1364.
Package xcolor Info: Model `HTML' substituted by `rgb' on input line 1366.
Package xcolor Info: Model `Hsb' substituted by `hsb' on input line 1367.
Package xcolor Info: Model `tHsb' substituted by `hsb' on input line 1368.
Package xcolor Info: Model `HSB' substituted by `hsb' on input line 1369.
Package xcolor Info: Model `Gray' substituted by `gray' on input line 1370.
Package xcolor Info: Model `wave' substituted by `hsb' on input line 1371.
 (/usr/local/texlive/2016/texmf-dist/tex/latex/graphics/dvipsnam.def
File: dvipsnam.def 2015/12/30 v3.0k Driver-dependent file (DPC,SPQR)
)) (/usr/local/texlive/2016/texmf-dist/tex/latex/cases/cases.sty
Package: cases 2002/05/02 ver 2.5 
) (/Users/SilvinW/repositories/DynamicBoundaries/main.aux

LaTeX Warning: Label `fig:linAddInCenter' multiply defined.


LaTeX Warning: Label `eq:systemHalfStiffStrings' multiply defined.


LaTeX Warning: Label `eq:systemHalfStiffStrings' multiply defined.


LaTeX Warning: Label `eq:updateOverlap' multiply defined.

)
\openout1 = `main.aux'.

LaTeX Font Info:    Checking defaults for OML/cmm/m/it on input line 46.
LaTeX Font Info:    ... okay on input line 46.
LaTeX Font Info:    Checking defaults for T1/cmr/m/n on input line 46.
LaTeX Font Info:    ... okay on input line 46.
LaTeX Font Info:    Checking defaults for OT1/cmr/m/n on input line 46.
LaTeX Font Info:    ... okay on input line 46.
LaTeX Font Info:    Checking defaults for OMS/cmsy/m/n on input line 46.
LaTeX Font Info:    ... okay on input line 46.
LaTeX Font Info:    Checking defaults for OMX/cmex/m/n on input line 46.
LaTeX Font Info:    ... okay on input line 46.
LaTeX Font Info:    Checking defaults for U/cmr/m/n on input line 46.
LaTeX Font Info:    ... okay on input line 46.

*geometry* driver: auto-detecting
*geometry* detected driver: pdftex
*geometry* verbose mode - [ preamble ] result:
* driver: pdftex
* paper: <default>
* layout: <same size as paper>
* layoutoffset:(h,v)=(0.0pt,0.0pt)
* modes: 
* h-part:(L,W,R)=(85.35826pt, 443.57848pt, 85.35826pt)
* v-part:(T,H,B)=(56.9055pt, 642.66711pt, 95.39737pt)
* \paperwidth=614.295pt
* \paperheight=794.96999pt
* \textwidth=443.57848pt
* \textheight=642.66711pt
* \oddsidemargin=13.08827pt
* \evensidemargin=13.08827pt
* \topmargin=-52.36449pt
* \headheight=12.0pt
* \headsep=25.0pt
* \topskip=10.0pt
* \footskip=30.0pt
* \marginparwidth=65.0pt
* \marginparsep=11.0pt
* \columnsep=10.0pt
* \skip\footins=9.0pt plus 4.0pt minus 2.0pt
* \hoffset=0.0pt
* \voffset=0.0pt
* \mag=1000
* \@twocolumnfalse
* \@twosidefalse
* \@mparswitchfalse
* \@reversemarginfalse
* (1in=72.27pt=25.4mm, 1cm=28.453pt)

(/usr/local/texlive/2016/texmf-dist/tex/context/base/mkii/supp-pdf.mkii
[Loading MPS to PDF converter (version 2006.09.02).]
\scratchcounter=\count119
\scratchdimen=\dimen139
\scratchbox=\box28
\nofMPsegments=\count120
\nofMParguments=\count121
\everyMPshowfont=\toks23
\MPscratchCnt=\count122
\MPscratchDim=\dimen140
\MPnumerator=\count123
\makeMPintoPDFobject=\count124
\everyMPtoPDFconversion=\toks24
) (/usr/local/texlive/2016/texmf-dist/tex/generic/oberdiek/pdftexcmds.sty
Package: pdftexcmds 2016/05/10 v0.21 Utility functions of pdfTeX for LuaTeX (HO)
 (/usr/local/texlive/2016/texmf-dist/tex/generic/oberdiek/ifluatex.sty
Package: ifluatex 2016/05/16 v1.4 Provides the ifluatex switch (HO)
Package ifluatex Info: LuaTeX not detected.
)
Package pdftexcmds Info: LuaTeX not detected.
Package pdftexcmds Info: \pdf@primitive is available.
Package pdftexcmds Info: \pdf@ifprimitive is available.
Package pdftexcmds Info: \pdfdraftmode found.
) (/usr/local/texlive/2016/texmf-dist/tex/latex/oberdiek/epstopdf-base.sty
Package: epstopdf-base 2016/05/15 v2.6 Base part for package epstopdf
 (/usr/local/texlive/2016/texmf-dist/tex/latex/oberdiek/grfext.sty
Package: grfext 2016/05/16 v1.2 Manage graphics extensions (HO)
 (/usr/local/texlive/2016/texmf-dist/tex/generic/oberdiek/kvdefinekeys.sty
Package: kvdefinekeys 2016/05/16 v1.4 Define keys (HO)
)) (/usr/local/texlive/2016/texmf-dist/tex/latex/oberdiek/kvoptions.sty
Package: kvoptions 2016/05/16 v3.12 Key value format for package options (HO)
 (/usr/local/texlive/2016/texmf-dist/tex/generic/oberdiek/kvsetkeys.sty
Package: kvsetkeys 2016/05/16 v1.17 Key value parser (HO)
 (/usr/local/texlive/2016/texmf-dist/tex/generic/oberdiek/etexcmds.sty
Package: etexcmds 2016/05/16 v1.6 Avoid name clashes with e-TeX commands (HO)
Package etexcmds Info: Could not find \expanded.
(etexcmds)             That can mean that you are not using pdfTeX 1.50 or
(etexcmds)             that some package has redefined \expanded.
(etexcmds)             In the latter case, load this package earlier.
)))
Package grfext Info: Graphics extension search list:
(grfext)             [.png,.pdf,.jpg,.mps,.jpeg,.jbig2,.jb2,.PNG,.PDF,.JPG,.JPEG,.JBIG2,.JB2,.eps]
(grfext)             \AppendGraphicsExtensions on input line 456.
 (/usr/local/texlive/2016/texmf-dist/tex/latex/latexconfig/epstopdf-sys.cfg
File: epstopdf-sys.cfg 2010/07/13 v1.3 Configuration of (r)epstopdf for TeX Live
))
Package caption Info: Begin \AtBeginDocument code.
Package caption Info: subfig package v1.3 is loaded.
Package caption Info: End \AtBeginDocument code.
LaTeX Font Info:    Try loading font information for U+msa on input line 47.
 (/usr/local/texlive/2016/texmf-dist/tex/latex/amsfonts/umsa.fd
File: umsa.fd 2013/01/14 v3.01 AMS symbols A
)
LaTeX Font Info:    Try loading font information for U+msb on input line 47.
 (/usr/local/texlive/2016/texmf-dist/tex/latex/amsfonts/umsb.fd
File: umsb.fd 2013/01/14 v3.01 AMS symbols B
)
Package epstopdf Info: Source file: <plot1.eps>
(epstopdf)                    date: 2020-06-19 14:32:05
(epstopdf)                    size: 17754 bytes
(epstopdf)             Output file: <plot1-eps-converted-to.pdf>
(epstopdf)                    date: 2021-01-19 10:02:17
(epstopdf)                    size: 6662 bytes
(epstopdf)             Command: <repstopdf --outfile=plot1-eps-converted-to.pdf plot1.eps>
(epstopdf)             \includegraphics on input line 74.
Package epstopdf Info: Output file is already uptodate.
 <plot1-eps-converted-to.pdf, id=1, 562.1pt x 421.575pt>
File: plot1-eps-converted-to.pdf Graphic file (type pdf)
 <use plot1-eps-converted-to.pdf>
Package pdftex.def Info: plot1-eps-converted-to.pdf used on input line 74.
(pdftex.def)             Requested size: 146.3817pt x 109.78702pt.
Package epstopdf Info: Source file: <plot2.eps>
(epstopdf)                    date: 2020-06-19 14:39:24
(epstopdf)                    size: 20697 bytes
(epstopdf)             Output file: <plot2-eps-converted-to.pdf>
(epstopdf)                    date: 2021-01-19 10:02:17
(epstopdf)                    size: 8754 bytes
(epstopdf)             Command: <repstopdf --outfile=plot2-eps-converted-to.pdf plot2.eps>
(epstopdf)             \includegraphics on input line 75.
Package epstopdf Info: Output file is already uptodate.
 <plot2-eps-converted-to.pdf, id=2, 562.1pt x 421.575pt>
File: plot2-eps-converted-to.pdf Graphic file (type pdf)
 <use plot2-eps-converted-to.pdf>
Package pdftex.def Info: plot2-eps-converted-to.pdf used on input line 75.
(pdftex.def)             Requested size: 146.3817pt x 109.78702pt.
Package epstopdf Info: Source file: <plot3.eps>
(epstopdf)                    date: 2020-06-19 14:39:49
(epstopdf)                    size: 20778 bytes
(epstopdf)             Output file: <plot3-eps-converted-to.pdf>
(epstopdf)                    date: 2021-01-19 10:02:18
(epstopdf)                    size: 8765 bytes
(epstopdf)             Command: <repstopdf --outfile=plot3-eps-converted-to.pdf plot3.eps>
(epstopdf)             \includegraphics on input line 76.
Package epstopdf Info: Output file is already uptodate.
 <plot3-eps-converted-to.pdf, id=3, 562.1pt x 421.575pt>
File: plot3-eps-converted-to.pdf Graphic file (type pdf)
 <use plot3-eps-converted-to.pdf>
Package pdftex.def Info: plot3-eps-converted-to.pdf used on input line 76.
(pdftex.def)             Requested size: 146.3817pt x 109.78702pt.

Overfull \hbox (5.5666pt too wide) in paragraph at lines 74--77
 [][][][] 
 []


LaTeX Warning: `h' float specifier changed to `ht'.

Package epstopdf Info: Source file: <dynamic2.eps>
(epstopdf)                    date: 2020-07-01 15:57:07
(epstopdf)                    size: 21885 bytes
(epstopdf)             Output file: <dynamic2-eps-converted-to.pdf>
(epstopdf)                    date: 2021-01-19 10:02:18
(epstopdf)                    size: 23013 bytes
(epstopdf)             Command: <repstopdf --outfile=dynamic2-eps-converted-to.pdf dynamic2.eps>
(epstopdf)             \includegraphics on input line 81.
Package epstopdf Info: Output file is already uptodate.
<dynamic2-eps-converted-to.pdf, id=4, 562.1pt x 421.575pt>
File: dynamic2-eps-converted-to.pdf Graphic file (type pdf)
 <use dynamic2-eps-converted-to.pdf>
Package pdftex.def Info: dynamic2-eps-converted-to.pdf used on input line 81.
(pdftex.def)             Requested size: 266.14978pt x 199.61336pt.


LaTeX Warning: `h' float specifier changed to `ht'.

[1

{/usr/local/texlive/2016/texmf-var/fonts/map/pdftex/updmap/pdftex.map}] [2 </Users/SilvinW/repositories/DynamicBoundaries/plot1-eps-converted-to.pdf> </Users/SilvinW/repositories/DynamicBoundaries/plot2-eps-converted-to.pdf> </Users/SilvinW/repositories/DynamicBoundaries/plot3-eps-converted-to.pdf> </Users/SilvinW/repositories/DynamicBoundaries/dynamic2-eps-converted-to.pdf>]
Package epstopdf Info: Source file: <dynamicBoundaryDrawChange.eps>
(epstopdf)                    date: 2020-07-03 11:46:53
(epstopdf)                    size: 27636 bytes
(epstopdf)             Output file: <dynamicBoundaryDrawChange-eps-converted-to.pdf>
(epstopdf)                    date: 2021-01-19 10:02:19
(epstopdf)                    size: 28698 bytes
(epstopdf)             Command: <repstopdf --outfile=dynamicBoundaryDrawChange-eps-converted-to.pdf dynamicBoundaryDrawChange.eps>
(epstopdf)             \includegraphics on input line 119.
Package epstopdf Info: Output file is already uptodate.
 <dynamicBoundaryDrawChange-eps-converted-to.pdf, id=47, 562.1pt x 421.575pt>
File: dynamicBoundaryDrawChange-eps-converted-to.pdf Graphic file (type pdf)
 <use dynamicBoundaryDrawChange-eps-converted-to.pdf>
Package pdftex.def Info: dynamicBoundaryDrawChange-eps-converted-to.pdf used on input line 119.
(pdftex.def)             Requested size: 266.14978pt x 199.61336pt.
 [3 </Users/SilvinW/repositories/DynamicBoundaries/dynamicBoundaryDrawChange-eps-converted-to.pdf>]
LaTeX Font Info:    Try loading font information for U+euf on input line 158.
 (/usr/local/texlive/2016/texmf-dist/tex/latex/amsfonts/ueuf.fd
File: ueuf.fd 2013/01/14 v3.01 Euler Fraktur
) [4] (/Users/SilvinW/repositories/DynamicBoundaries/main.bbl) [5]
Package epstopdf Info: Source file: <twoFreeStrings.eps>
(epstopdf)                    date: 2020-07-31 15:15:36
(epstopdf)                    size: 20526 bytes
(epstopdf)             Output file: <twoFreeStrings-eps-converted-to.pdf>
(epstopdf)                    date: 2021-01-19 10:02:19
(epstopdf)                    size: 9471 bytes
(epstopdf)             Command: <repstopdf --outfile=twoFreeStrings-eps-converted-to.pdf twoFreeStrings.eps>
(epstopdf)             \includegraphics on input line 223.
Package epstopdf Info: Output file is already uptodate.
 <twoFreeStrings-eps-converted-to.pdf, id=67, 562.1pt x 421.575pt>
File: twoFreeStrings-eps-converted-to.pdf Graphic file (type pdf)
 <use twoFreeStrings-eps-converted-to.pdf>
Package pdftex.def Info: twoFreeStrings-eps-converted-to.pdf used on input line 223.
(pdftex.def)             Requested size: 266.14978pt x 199.61336pt.
 [6 </Users/SilvinW/repositories/DynamicBoundaries/twoFreeStrings-eps-converted-to.pdf>]
Package epstopdf Info: Source file: <twoFreeStringsInterpolatedFull.eps>
(epstopdf)                    date: 2020-07-31 15:00:53
(epstopdf)                    size: 27519 bytes
(epstopdf)             Output file: <twoFreeStringsInterpolatedFull-eps-converted-to.pdf>
(epstopdf)                    date: 2021-01-19 10:02:20
(epstopdf)                    size: 13094 bytes
(epstopdf)             Command: <repstopdf --outfile=twoFreeStringsInterpolatedFull-eps-converted-to.pdf twoFreeStringsInterpolatedFull.eps>
(epstopdf)             \includegraphics on input line 293.
Package epstopdf Info: Output file is already uptodate.
 <twoFreeStringsInterpolatedFull-eps-converted-to.pdf, id=76, 562.1pt x 421.575pt>
File: twoFreeStringsInterpolatedFull-eps-converted-to.pdf Graphic file (type pdf)
 <use twoFreeStringsInterpolatedFull-eps-converted-to.pdf>
Package pdftex.def Info: twoFreeStringsInterpolatedFull-eps-converted-to.pdf used on input line 293.
(pdftex.def)             Requested size: 221.78923pt x 166.33696pt.
Package epstopdf Info: Source file: <twoFreeStringsInterpolated.eps>
(epstopdf)                    date: 2020-07-31 14:59:59
(epstopdf)                    size: 25562 bytes
(epstopdf)             Output file: <twoFreeStringsInterpolated-eps-converted-to.pdf>
(epstopdf)                    date: 2021-01-19 10:02:21
(epstopdf)                    size: 11127 bytes
(epstopdf)             Command: <repstopdf --outfile=twoFreeStringsInterpolated-eps-converted-to.pdf twoFreeStringsInterpolated.eps>
(epstopdf)             \includegraphics on input line 294.
Package epstopdf Info: Output file is already uptodate.
 <twoFreeStringsInterpolated-eps-converted-to.pdf, id=77, 562.1pt x 421.575pt>
File: twoFreeStringsInterpolated-eps-converted-to.pdf Graphic file (type pdf)
 <use twoFreeStringsInterpolated-eps-converted-to.pdf>
Package pdftex.def Info: twoFreeStringsInterpolated-eps-converted-to.pdf used on input line 294.
(pdftex.def)             Requested size: 221.78923pt x 166.33696pt.

Overfull \hbox (6.66664pt too wide) in paragraph at lines 293--295
 [][][] 
 []

[7 </Users/SilvinW/repositories/DynamicBoundaries/twoFreeStringsInterpolatedFull-eps-converted-to.pdf> </Users/SilvinW/repositories/DynamicBoundaries/twoFreeStringsInterpolated-eps-converted-to.pdf>]
Package epstopdf Info: Source file: <addingPoint.eps>
(epstopdf)                    date: 2020-11-24 18:35:28
(epstopdf)                    size: 44845 bytes
(epstopdf)             Output file: <addingPoint-eps-converted-to.pdf>
(epstopdf)                    date: 2021-01-19 10:02:21
(epstopdf)                    size: 14768 bytes
(epstopdf)             Command: <repstopdf --outfile=addingPoint-eps-converted-to.pdf addingPoint.eps>
(epstopdf)             \includegraphics on input line 319.
Package epstopdf Info: Output file is already uptodate.
 <addingPoint-eps-converted-to.pdf, id=92, 501.875pt x 210.7875pt>
File: addingPoint-eps-converted-to.pdf Graphic file (type pdf)
 <use addingPoint-eps-converted-to.pdf>
Package pdftex.def Info: addingPoint-eps-converted-to.pdf used on input line 319.
(pdftex.def)             Requested size: 266.14978pt x 111.7876pt.
 [8 </Users/SilvinW/repositories/DynamicBoundaries/addingPoint-eps-converted-to.pdf>] [9]
Package epstopdf Info: Source file: <sincFig.eps>
(epstopdf)                    date: 2021-01-12 09:50:50
(epstopdf)                    size: 32125 bytes
(epstopdf)             Output file: <sincFig-eps-converted-to.pdf>
(epstopdf)                    date: 2021-01-19 10:02:22
(epstopdf)                    size: 11919 bytes
(epstopdf)             Command: <repstopdf --outfile=sincFig-eps-converted-to.pdf sincFig.eps>
(epstopdf)             \includegraphics on input line 443.
Package epstopdf Info: Output file is already uptodate.
 <sincFig-eps-converted-to.pdf, id=102, 702.625pt x 200.75pt>
File: sincFig-eps-converted-to.pdf Graphic file (type pdf)
 <use sincFig-eps-converted-to.pdf>
Package pdftex.def Info: sincFig-eps-converted-to.pdf used on input line 443.
(pdftex.def)             Requested size: 266.14978pt x 76.0438pt.
Package epstopdf Info: Source file: <sincExplanation.eps>
(epstopdf)                    date: 2021-01-13 16:14:12
(epstopdf)                    size: 94224 bytes
(epstopdf)             Output file: <sincExplanation-eps-converted-to.pdf>
(epstopdf)                    date: 2021-01-19 10:02:22
(epstopdf)                    size: 86866 bytes
(epstopdf)             Command: <repstopdf --outfile=sincExplanation-eps-converted-to.pdf sincExplanation.eps>
(epstopdf)             \includegraphics on input line 457.
Package epstopdf Info: Output file is already uptodate.
 <sincExplanation-eps-converted-to.pdf, id=103, 501.875pt x 501.875pt>
File: sincExplanation-eps-converted-to.pdf Graphic file (type pdf)
 <use sincExplanation-eps-converted-to.pdf>
Package pdftex.def Info: sincExplanation-eps-converted-to.pdf used on input line 457.
(pdftex.def)             Requested size: 266.14978pt x 266.16095pt.


LaTeX Warning: `h' float specifier changed to `ht'.

[10 </Users/SilvinW/repositories/DynamicBoundaries/sincFig-eps-converted-to.pdf>] [11 </Users/SilvinW/repositories/DynamicBoundaries/sincExplanation-eps-converted-to.pdf>]
Package epstopdf Info: Source file: <modalAnalysisFigs/linearMid.eps>
(epstopdf)                    date: 2021-01-19 10:24:17
(epstopdf)                    size: 112013 bytes
(epstopdf)             Output file: <modalAnalysisFigs/linearMid-eps-converted-to.pdf>
(epstopdf)                    date: 2021-01-19 11:21:53
(epstopdf)                    size: 105622 bytes
(epstopdf)             Command: <repstopdf --outfile=modalAnalysisFigs/linearMid-eps-converted-to.pdf modalAnalysisFigs/linearMid.eps>
(epstopdf)             \includegraphics on input line 540.
Package epstopdf Info: Output file is already uptodate.
 <modalAnalysisFigs/linearMid-eps-converted-to.pdf, id=121, 562.1pt x 421.575pt>
File: modalAnalysisFigs/linearMid-eps-converted-to.pdf Graphic file (type pdf)
 <use modalAnalysisFigs/linearMid-eps-converted-to.pdf>
Package pdftex.def Info: modalAnalysisFigs/linearMid-eps-converted-to.pdf used on input line 540.
(pdftex.def)             Requested size: 199.60895pt x 149.70198pt.
Package epstopdf Info: Source file: <modalAnalysisFigs/specLinearMid.eps>
(epstopdf)                    date: 2021-01-19 11:21:39
(epstopdf)                    size: 318297 bytes
(epstopdf)             Output file: <modalAnalysisFigs/specLinearMid-eps-converted-to.pdf>
(epstopdf)                    date: 2021-01-19 11:21:54
(epstopdf)                    size: 341761 bytes
(epstopdf)             Command: <repstopdf --outfile=modalAnalysisFigs/specLinearMid-eps-converted-to.pdf modalAnalysisFigs/specLinearMid.eps>
(epstopdf)             \includegraphics on input line 542.
Package epstopdf Info: Output file is already uptodate.
 <modalAnalysisFigs/specLinearMid-eps-converted-to.pdf, id=122, 562.1pt x 421.575pt>
File: modalAnalysisFigs/specLinearMid-eps-converted-to.pdf Graphic file (type pdf)
 <use modalAnalysisFigs/specLinearMid-eps-converted-to.pdf>
Package pdftex.def Info: modalAnalysisFigs/specLinearMid-eps-converted-to.pdf used on input line 542.
(pdftex.def)             Requested size: 199.60895pt x 149.70198pt.
 [12 </Users/SilvinW/repositories/DynamicBoundaries/modalAnalysisFigs/linearMid-eps-converted-to.pdf> </Users/SilvinW/repositories/DynamicBoundaries/modalAnalysisFigs/specLinearMid-eps-converted-to.pdf>]
Package epstopdf Info: Source file: <modalAnalysisFigs/quadraticMid.eps>
(epstopdf)                    date: 2021-01-21 13:38:10
(epstopdf)                    size: 110830 bytes
(epstopdf)             Output file: <modalAnalysisFigs/quadraticMid-eps-converted-to.pdf>
(epstopdf)                    date: 2021-01-21 14:54:13
(epstopdf)                    size: 104397 bytes
(epstopdf)             Command: <repstopdf --outfile=modalAnalysisFigs/quadraticMid-eps-converted-to.pdf modalAnalysisFigs/quadraticMid.eps>
(epstopdf)             \includegraphics on input line 559.
Package epstopdf Info: Output file is already uptodate.
 <modalAnalysisFigs/quadraticMid-eps-converted-to.pdf, id=139, 562.1pt x 421.575pt>
File: modalAnalysisFigs/quadraticMid-eps-converted-to.pdf Graphic file (type pdf)
 <use modalAnalysisFigs/quadraticMid-eps-converted-to.pdf>
Package pdftex.def Info: modalAnalysisFigs/quadraticMid-eps-converted-to.pdf used on input line 559.
(pdftex.def)             Requested size: 199.60895pt x 149.70198pt.
Package epstopdf Info: Source file: <modalAnalysisFigs/specQuadraticMid.eps>
(epstopdf)                    date: 2021-01-21 15:06:38
(epstopdf)                    size: 300989 bytes
(epstopdf)             Output file: <modalAnalysisFigs/specQuadraticMid-eps-converted-to.pdf>
(epstopdf)                    date: 2021-01-21 15:06:43
(epstopdf)                    size: 344750 bytes
(epstopdf)             Command: <repstopdf --outfile=modalAnalysisFigs/specQuadraticMid-eps-converted-to.pdf modalAnalysisFigs/specQuadraticMid.eps>
(epstopdf)             \includegraphics on input line 561.
Package epstopdf Info: Output file is already uptodate.
 <modalAnalysisFigs/specQuadraticMid-eps-converted-to.pdf, id=140, 562.1pt x 421.575pt>
File: modalAnalysisFigs/specQuadraticMid-eps-converted-to.pdf Graphic file (type pdf)
 <use modalAnalysisFigs/specQuadraticMid-eps-converted-to.pdf>
Package pdftex.def Info: modalAnalysisFigs/specQuadraticMid-eps-converted-to.pdf used on input line 561.
(pdftex.def)             Requested size: 199.60895pt x 149.70198pt.
Package epstopdf Info: Source file: <modesAddPointsInCenter.eps>
(epstopdf)                    date: 2020-11-14 11:03:04
(epstopdf)                    size: 111266 bytes
(epstopdf)             Output file: <modesAddPointsInCenter-eps-converted-to.pdf>
(epstopdf)                    date: 2021-01-19 10:02:23
(epstopdf)                    size: 105067 bytes
(epstopdf)             Command: <repstopdf --outfile=modesAddPointsInCenter-eps-converted-to.pdf modesAddPointsInCenter.eps>
(epstopdf)             \includegraphics on input line 601.
Package epstopdf Info: Output file is already uptodate.
 <modesAddPointsInCenter-eps-converted-to.pdf, id=141, 562.1pt x 421.575pt>
File: modesAddPointsInCenter-eps-converted-to.pdf Graphic file (type pdf)
 <use modesAddPointsInCenter-eps-converted-to.pdf>
Package pdftex.def Info: modesAddPointsInCenter-eps-converted-to.pdf used on input line 601.
(pdftex.def)             Requested size: 199.60895pt x 149.70198pt.
Package epstopdf Info: Source file: <specAddCenter.eps>
(epstopdf)                    date: 2020-11-16 11:02:34
(epstopdf)                    size: 317193 bytes
(epstopdf)             Output file: <specAddCenter-eps-converted-to.pdf>
(epstopdf)                    date: 2021-01-19 10:02:23
(epstopdf)                    size: 341535 bytes
(epstopdf)             Command: <repstopdf --outfile=specAddCenter-eps-converted-to.pdf specAddCenter.eps>
(epstopdf)             \includegraphics on input line 603.
Package epstopdf Info: Output file is already uptodate.
 <specAddCenter-eps-converted-to.pdf, id=142, 562.1pt x 421.575pt>
File: specAddCenter-eps-converted-to.pdf Graphic file (type pdf)
 <use specAddCenter-eps-converted-to.pdf>
Package pdftex.def Info: specAddCenter-eps-converted-to.pdf used on input line 603.
(pdftex.def)             Requested size: 199.60895pt x 149.70198pt.


LaTeX Warning: `h' float specifier changed to `ht'.

[13 </Users/SilvinW/repositories/DynamicBoundaries/modalAnalysisFigs/quadraticMid-eps-converted-to.pdf> </Users/SilvinW/repositories/DynamicBoundaries/modalAnalysisFigs/specQuadraticMid-eps-converted-to.pdf>]
Package epstopdf Info: Source file: <modalAnalysisFigs/altCubicMid.eps>
(epstopdf)                    date: 2021-01-19 15:42:54
(epstopdf)                    size: 110238 bytes
(epstopdf)             Output file: <modalAnalysisFigs/altCubicMid-eps-converted-to.pdf>
(epstopdf)                    date: 2021-01-19 16:07:11
(epstopdf)                    size: 103812 bytes
(epstopdf)             Command: <repstopdf --outfile=modalAnalysisFigs/altCubicMid-eps-converted-to.pdf modalAnalysisFigs/altCubicMid.eps>
(epstopdf)             \includegraphics on input line 643.
Package epstopdf Info: Output file is already uptodate.
 <modalAnalysisFigs/altCubicMid-eps-converted-to.pdf, id=160, 562.1pt x 421.575pt>
File: modalAnalysisFigs/altCubicMid-eps-converted-to.pdf Graphic file (type pdf)
 <use modalAnalysisFigs/altCubicMid-eps-converted-to.pdf>
Package pdftex.def Info: modalAnalysisFigs/altCubicMid-eps-converted-to.pdf used on input line 643.
(pdftex.def)             Requested size: 199.60895pt x 149.70198pt.
Package epstopdf Info: Source file: <modalAnalysisFigs/specAltCubicMid.eps>
(epstopdf)                    date: 2021-01-19 16:06:49
(epstopdf)                    size: 314227 bytes
(epstopdf)             Output file: <modalAnalysisFigs/specAltCubicMid-eps-converted-to.pdf>
(epstopdf)                    date: 2021-01-19 16:07:25
(epstopdf)                    size: 345067 bytes
(epstopdf)             Command: <repstopdf --outfile=modalAnalysisFigs/specAltCubicMid-eps-converted-to.pdf modalAnalysisFigs/specAltCubicMid.eps>
(epstopdf)             \includegraphics on input line 645.
Package epstopdf Info: Output file is already uptodate.
 <modalAnalysisFigs/specAltCubicMid-eps-converted-to.pdf, id=161, 562.1pt x 421.575pt>
File: modalAnalysisFigs/specAltCubicMid-eps-converted-to.pdf Graphic file (type pdf)
 <use modalAnalysisFigs/specAltCubicMid-eps-converted-to.pdf>
Package pdftex.def Info: modalAnalysisFigs/specAltCubicMid-eps-converted-to.pdf used on input line 645.
(pdftex.def)             Requested size: 199.60895pt x 149.70198pt.


LaTeX Warning: `h' float specifier changed to `ht'.

[14 </Users/SilvinW/repositories/DynamicBoundaries/modesAddPointsInCenter-eps-converted-to.pdf> </Users/SilvinW/repositories/DynamicBoundaries/specAddCenter-eps-converted-to.pdf>]
Package epstopdf Info: Source file: <modalAnalysisFigs/quarticMid.eps>
(epstopdf)                    date: 2021-01-21 09:48:45
(epstopdf)                    size: 110311 bytes
(epstopdf)             Output file: <modalAnalysisFigs/quarticMid-eps-converted-to.pdf>
(epstopdf)                    date: 2021-01-21 10:53:07
(epstopdf)                    size: 103735 bytes
(epstopdf)             Command: <repstopdf --outfile=modalAnalysisFigs/quarticMid-eps-converted-to.pdf modalAnalysisFigs/quarticMid.eps>
(epstopdf)             \includegraphics on input line 703.
Package epstopdf Info: Output file is already uptodate.
 <modalAnalysisFigs/quarticMid-eps-converted-to.pdf, id=178, 562.1pt x 421.575pt>
File: modalAnalysisFigs/quarticMid-eps-converted-to.pdf Graphic file (type pdf)
 <use modalAnalysisFigs/quarticMid-eps-converted-to.pdf>
Package pdftex.def Info: modalAnalysisFigs/quarticMid-eps-converted-to.pdf used on input line 703.
(pdftex.def)             Requested size: 199.60895pt x 149.70198pt.
Package epstopdf Info: Source file: <modalAnalysisFigs/specQuarticMid.eps>
(epstopdf)                    date: 2021-01-21 10:31:58
(epstopdf)                    size: 304500 bytes
(epstopdf)             Output file: <modalAnalysisFigs/specQuarticMid-eps-converted-to.pdf>
(epstopdf)                    date: 2021-01-21 10:53:08
(epstopdf)                    size: 348718 bytes
(epstopdf)             Command: <repstopdf --outfile=modalAnalysisFigs/specQuarticMid-eps-converted-to.pdf modalAnalysisFigs/specQuarticMid.eps>
(epstopdf)             \includegraphics on input line 705.
Package epstopdf Info: Output file is already uptodate.
 <modalAnalysisFigs/specQuarticMid-eps-converted-to.pdf, id=179, 562.1pt x 421.575pt>
File: modalAnalysisFigs/specQuarticMid-eps-converted-to.pdf Graphic file (type pdf)
 <use modalAnalysisFigs/specQuarticMid-eps-converted-to.pdf>
Package pdftex.def Info: modalAnalysisFigs/specQuarticMid-eps-converted-to.pdf used on input line 705.
(pdftex.def)             Requested size: 199.60895pt x 149.70198pt.


LaTeX Warning: `h' float specifier changed to `ht'.


LaTeX Warning: Reference `fig:addInCenter' on page 15 undefined on input line 710.


LaTeX Warning: Reference `fig:modesAddInCenter' on page 15 undefined on input line 710.

[15 </Users/SilvinW/repositories/DynamicBoundaries/modalAnalysisFigs/altCubicMid-eps-converted-to.pdf> </Users/SilvinW/repositories/DynamicBoundaries/modalAnalysisFigs/specAltCubicMid-eps-converted-to.pdf>]
LaTeX Font Info:    Try loading font information for OMS+cmr on input line 712.
 (/usr/local/texlive/2016/texmf-dist/tex/latex/base/omscmr.fd
File: omscmr.fd 2014/09/29 v2.5h Standard LaTeX font definitions
)
LaTeX Font Info:    Font shape `OMS/cmr/m/n' in size <10> not available
(Font)              Font shape `OMS/cmsy/m/n' tried instead on input line 712.


LaTeX Warning: Reference `fig:modesAddInCenter' on page 16 undefined on input line 716.

[16 </Users/SilvinW/repositories/DynamicBoundaries/modalAnalysisFigs/quarticMid-eps-converted-to.pdf> </Users/SilvinW/repositories/DynamicBoundaries/modalAnalysisFigs/specQuarticMid-eps-converted-to.pdf>]
Package epstopdf Info: Source file: <modesAddPointsAtRightBound.eps>
(epstopdf)                    date: 2020-11-16 14:24:01
(epstopdf)                    size: 106468 bytes
(epstopdf)             Output file: <modesAddPointsAtRightBound-eps-converted-to.pdf>
(epstopdf)                    date: 2021-01-19 10:02:24
(epstopdf)                    size: 99982 bytes
(epstopdf)             Command: <repstopdf --outfile=modesAddPointsAtRightBound-eps-converted-to.pdf modesAddPointsAtRightBound.eps>
(epstopdf)             \includegraphics on input line 747.
Package epstopdf Info: Output file is already uptodate.
 <modesAddPointsAtRightBound-eps-converted-to.pdf, id=213, 562.1pt x 421.575pt>
File: modesAddPointsAtRightBound-eps-converted-to.pdf Graphic file (type pdf)
 <use modesAddPointsAtRightBound-eps-converted-to.pdf>
Package pdftex.def Info: modesAddPointsAtRightBound-eps-converted-to.pdf used on input line 747.
(pdftex.def)             Requested size: 199.60895pt x 149.70198pt.
Package epstopdf Info: Source file: <specAddPointsAtRightBound.eps>
(epstopdf)                    date: 2020-11-16 14:31:22
(epstopdf)                    size: 315444 bytes
(epstopdf)             Output file: <specAddPointsAtRightBound-eps-converted-to.pdf>
(epstopdf)                    date: 2021-01-19 10:02:24
(epstopdf)                    size: 335694 bytes
(epstopdf)             Command: <repstopdf --outfile=specAddPointsAtRightBound-eps-converted-to.pdf specAddPointsAtRightBound.eps>
(epstopdf)             \includegraphics on input line 749.
Package epstopdf Info: Output file is already uptodate.
 <specAddPointsAtRightBound-eps-converted-to.pdf, id=214, 562.1pt x 421.575pt>
File: specAddPointsAtRightBound-eps-converted-to.pdf Graphic file (type pdf)
 <use specAddPointsAtRightBound-eps-converted-to.pdf>
Package pdftex.def Info: specAddPointsAtRightBound-eps-converted-to.pdf used on input line 749.
(pdftex.def)             Requested size: 199.60895pt x 149.70198pt.
 [17 </Users/SilvinW/repositories/DynamicBoundaries/modesAddPointsAtRightBound-eps-converted-to.pdf> </Users/SilvinW/repositories/DynamicBoundaries/specAddPointsAtRightBound-eps-converted-to.pdf>] [18] [19] [20] [21] [22]
Overfull \hbox (1.16693pt too wide) detected at line 1126
[]
 []

[23]
Package epstopdf Info: Source file: <twoStringsOverlap.eps>
(epstopdf)                    date: 2020-08-07 11:13:58
(epstopdf)                    size: 20473 bytes
(epstopdf)             Output file: <twoStringsOverlap-eps-converted-to.pdf>
(epstopdf)                    date: 2021-01-19 10:02:25
(epstopdf)                    size: 9380 bytes
(epstopdf)             Command: <repstopdf --outfile=twoStringsOverlap-eps-converted-to.pdf twoStringsOverlap.eps>
(epstopdf)             \includegraphics on input line 1139.
Package epstopdf Info: Output file is already uptodate.
 <twoStringsOverlap-eps-converted-to.pdf, id=254, 562.1pt x 421.575pt>
File: twoStringsOverlap-eps-converted-to.pdf Graphic file (type pdf)
 <use twoStringsOverlap-eps-converted-to.pdf>
Package pdftex.def Info: twoStringsOverlap-eps-converted-to.pdf used on input line 1139.
(pdftex.def)             Requested size: 221.78923pt x 166.33696pt.
Package epstopdf Info: Source file: <overlapForces.eps>
(epstopdf)                    date: 2020-08-07 11:56:22
(epstopdf)                    size: 33377 bytes
(epstopdf)             Output file: <overlapForces-eps-converted-to.pdf>
(epstopdf)                    date: 2021-01-19 10:02:25
(epstopdf)                    size: 19966 bytes
(epstopdf)             Command: <repstopdf --outfile=overlapForces-eps-converted-to.pdf overlapForces.eps>
(epstopdf)             \includegraphics on input line 1140.
Package epstopdf Info: Output file is already uptodate.
 <overlapForces-eps-converted-to.pdf, id=255, 562.1pt x 421.575pt>
File: overlapForces-eps-converted-to.pdf Graphic file (type pdf)
 <use overlapForces-eps-converted-to.pdf>
Package pdftex.def Info: overlapForces-eps-converted-to.pdf used on input line 1140.
(pdftex.def)             Requested size: 221.78923pt x 166.33696pt.

Overfull \hbox (6.66664pt too wide) in paragraph at lines 1139--1141
 [][][] 
 []

[24 </Users/SilvinW/repositories/DynamicBoundaries/twoStringsOverlap-eps-converted-to.pdf> </Users/SilvinW/repositories/DynamicBoundaries/overlapForces-eps-converted-to.pdf>] [25] [26]
Overfull \hbox (66.41754pt too wide) in paragraph at lines 1271--1271
[] 
 []

[27] [28] (/Users/SilvinW/repositories/DynamicBoundaries/main.aux)

LaTeX Warning: There were undefined references.


LaTeX Warning: There were multiply-defined labels.

 ) 
Here is how much of TeX's memory you used:
 6215 strings out of 493014
 93377 string characters out of 6133351
 181363 words of memory out of 5000000
 9614 multiletter control sequences out of 15000+600000
 17582 words of font info for 67 fonts, out of 8000000 for 9000
 1141 hyphenation exceptions out of 8191
 44i,18n,49p,1347b,423s stack positions out of 5000i,500n,10000p,200000b,80000s
</usr/local/texlive/2016/texmf-dist/fonts/type1/public/amsfonts/cm/cmbx10.pfb></usr/local/texlive/2016/texmf-dist/fonts/type1/public/amsfonts/cm/cmbx12.pfb></usr/local/texlive/2016/texmf-dist/fonts/type1/public/amsfonts/cm/cmbx7.pfb></usr/local/texlive/2016/texmf-dist/fonts/type1/public/amsfonts/cm/cmex10.pfb></usr/local/texlive/2016/texmf-dist/fonts/type1/public/amsfonts/cm/cmmi10.pfb></usr/local/texlive/2016/texmf-dist/fonts/type1/public/amsfonts/cm/cmmi12.pfb></usr/local/texlive/2016/texmf-dist/fonts/type1/public/amsfonts/cm/cmmi5.pfb></usr/local/texlive/2016/texmf-dist/fonts/type1/public/amsfonts/cm/cmmi6.pfb></usr/local/texlive/2016/texmf-dist/fonts/type1/public/amsfonts/cm/cmmi7.pfb></usr/local/texlive/2016/texmf-dist/fonts/type1/public/amsfonts/cm/cmmi8.pfb></usr/local/texlive/2016/texmf-dist/fonts/type1/public/amsfonts/cm/cmmib10.pfb></usr/local/texlive/2016/texmf-dist/fonts/type1/public/amsfonts/cm/cmr10.pfb></usr/local/texlive/2016/texmf-dist/fonts/type1/public/amsfonts/cm/cmr12.pfb></usr/local/texlive/2016/texmf-dist/fonts/type1/public/amsfonts/cm/cmr17.pfb></usr/local/texlive/2016/texmf-dist/fonts/type1/public/amsfonts/cm/cmr5.pfb></usr/local/texlive/2016/texmf-dist/fonts/type1/public/amsfonts/cm/cmr6.pfb></usr/local/texlive/2016/texmf-dist/fonts/type1/public/amsfonts/cm/cmr7.pfb></usr/local/texlive/2016/texmf-dist/fonts/type1/public/amsfonts/cm/cmr8.pfb></usr/local/texlive/2016/texmf-dist/fonts/type1/public/amsfonts/cm/cmsy10.pfb></usr/local/texlive/2016/texmf-dist/fonts/type1/public/amsfonts/cm/cmsy5.pfb></usr/local/texlive/2016/texmf-dist/fonts/type1/public/amsfonts/cm/cmsy7.pfb></usr/local/texlive/2016/texmf-dist/fonts/type1/public/amsfonts/cm/cmti10.pfb></usr/local/texlive/2016/texmf-dist/fonts/type1/public/amsfonts/euler/eufm10.pfb></usr/local/texlive/2016/texmf-dist/fonts/type1/public/amsfonts/euler/eufm7.pfb></usr/local/texlive/2016/texmf-dist/fonts/type1/public/amsfonts/symbols/msam10.pfb>
Output written on /Users/SilvinW/repositories/DynamicBoundaries/main.pdf (28 pages, 3217605 bytes).
PDF statistics:
 362 PDF objects out of 1000 (max. 8388607)
 222 compressed objects within 3 object streams
 0 named destinations out of 1000 (max. 500000)
 126 words of extra memory for PDF output out of 10000 (max. 10000000)

